c:\users\yixiao yang\documents\4491 assignment\massspring\computeranimationtemplate\anim\debug\vc141.pdb
c:\users\yixiao yang\documents\4491 assignment\massspring\computeranimationtemplate\anim\debug\vc141.idb
c:\users\yixiao yang\documents\4491 assignment\massspring\computeranimationtemplate\anim\debug\anim.obj
c:\users\yixiao yang\documents\4491 assignment\massspring\computeranimationtemplate\anim\debug\animtcl.obj
c:\users\yixiao yang\documents\4491 assignment\massspring\computeranimationtemplate\anim\debug\baseobject.obj
c:\users\yixiao yang\documents\4491 assignment\massspring\computeranimationtemplate\anim\debug\basesimulator.obj
c:\users\yixiao yang\documents\4491 assignment\massspring\computeranimationtemplate\anim\debug\globalresourcemanager.obj
c:\users\yixiao yang\documents\4491 assignment\massspring\computeranimationtemplate\anim\debug\myscene.obj
c:\users\yixiao yang\documents\4491 assignment\massspring\computeranimationtemplate\anim\debug\resourcemanager.obj
c:\users\yixiao yang\documents\4491 assignment\massspring\computeranimationtemplate\anim\debug\samplegravitysimulator.obj
c:\users\yixiao yang\documents\4491 assignment\massspring\computeranimationtemplate\anim\debug\sampleparticle.obj
c:\users\yixiao yang\documents\4491 assignment\massspring\computeranimationtemplate\anim\debug\basesystem.obj
c:\users\yixiao yang\documents\4491 assignment\massspring\computeranimationtemplate\anim\debug\particle.obj
c:\users\yixiao yang\documents\4491 assignment\massspring\computeranimationtemplate\anim\debug\particlesimulator.obj
c:\users\yixiao yang\documents\4491 assignment\massspring\computeranimationtemplate\anim\debug\particlesystem.obj
c:\users\yixiao yang\documents\4491 assignment\massspring\computeranimationtemplate\anim\debug\emitter.obj
c:\users\yixiao yang\documents\4491 assignment\massspring\computeranimationtemplate\build\anim.ilk
c:\users\yixiao yang\documents\4491 assignment\massspring\computeranimationtemplate\build\anim.exe
c:\users\yixiao yang\documents\4491 assignment\massspring\computeranimationtemplate\build\animp.pdb
c:\users\yixiao yang\documents\4491 assignment\massspring\massspringsystem\anim\debug\anim.obj
c:\users\yixiao yang\documents\4491 assignment\massspring\massspringsystem\anim\debug\animtcl.obj
c:\users\yixiao yang\documents\4491 assignment\massspring\massspringsystem\anim\debug\baseobject.obj
c:\users\yixiao yang\documents\4491 assignment\massspring\massspringsystem\anim\debug\basesimulator.obj
c:\users\yixiao yang\documents\4491 assignment\massspring\massspringsystem\anim\debug\basesystem.obj
c:\users\yixiao yang\documents\4491 assignment\massspring\massspringsystem\anim\debug\emitter.obj
c:\users\yixiao yang\documents\4491 assignment\massspring\massspringsystem\anim\debug\globalresourcemanager.obj
c:\users\yixiao yang\documents\4491 assignment\massspring\massspringsystem\anim\debug\myscene.obj
c:\users\yixiao yang\documents\4491 assignment\massspring\massspringsystem\anim\debug\particle.obj
c:\users\yixiao yang\documents\4491 assignment\massspring\massspringsystem\anim\debug\particlesimulator.obj
c:\users\yixiao yang\documents\4491 assignment\massspring\massspringsystem\anim\debug\particlesystem.obj
c:\users\yixiao yang\documents\4491 assignment\massspring\massspringsystem\anim\debug\resourcemanager.obj
c:\users\yixiao yang\documents\4491 assignment\massspring\massspringsystem\anim\debug\samplegravitysimulator.obj
c:\users\yixiao yang\documents\4491 assignment\massspring\massspringsystem\anim\debug\sampleparticle.obj
c:\users\yixiao yang\documents\4491 assignment\massspring\massspringsystem\anim\debug\particlesimulator.obj.enc
c:\users\yixiao yang\documents\4491 assignment\massspring\massspringsystem\anim\debug\vc141.idb
c:\users\yixiao yang\documents\4491 assignment\massspring\massspringsystem\anim\debug\vc141.pdb
c:\users\yixiao yang\documents\4491 assignment\massspring\massspringsystem\anim\../build\anim.exe
c:\users\yixiao yang\documents\4491 assignment\massspring\massspringsystem\anim\debug\anim.tlog\cl.command.1.tlog
c:\users\yixiao yang\documents\4491 assignment\massspring\massspringsystem\anim\debug\anim.tlog\cl.read.1.tlog
c:\users\yixiao yang\documents\4491 assignment\massspring\massspringsystem\anim\debug\anim.tlog\cl.write.1.tlog
c:\users\yixiao yang\documents\4491 assignment\massspring\massspringsystem\anim\debug\anim.tlog\link.command.1.tlog
c:\users\yixiao yang\documents\4491 assignment\massspring\massspringsystem\anim\debug\anim.tlog\link.read.1.tlog
c:\users\yixiao yang\documents\4491 assignment\massspring\massspringsystem\anim\debug\anim.tlog\link.write.1.tlog
